android/OnFire/app/build/outputs/logs/manifest-merger-debug-report.txt
-- Merging decision tree log ---
manifest
ADDED from src/main/AndroidManifest.xml:21:1-82:12
	package
		ADDED from src/main/AndroidManifest.xml:22:5-28
		INJECTED from src/main/AndroidManifest.xml
		INJECTED from src/main/AndroidManifest.xml
	android:versionName
		INJECTED from src/main/AndroidManifest.xml
		INJECTED from src/main/AndroidManifest.xml
	xmlns:android
		ADDED from src/main/AndroidManifest.xml:21:11-69
	android:versionCode
		INJECTED from src/main/AndroidManifest.xml
		INJECTED from src/main/AndroidManifest.xml
uses-permission#android.permission.ACCESS_FINE_LOCATION
ADDED from src/main/AndroidManifest.xml:24:5-79
	android:name
		ADDED from src/main/AndroidManifest.xml:24:22-76
uses-permission#android.permission.INTERNET
ADDED from src/main/AndroidManifest.xml:25:5-67
	android:name
		ADDED from src/main/AndroidManifest.xml:25:22-64
uses-feature#android.hardware.location.gps
ADDED from src/main/AndroidManifest.xml:30:5-66
	android:name
		ADDED from src/main/AndroidManifest.xml:30:19-63
uses-sdk
ADDED from src/main/AndroidManifest.xml:32:5-33:66
MERGED from [com.android.support:design:23.4.0] AndroidManifest.xml:20:5-43
MERGED from [com.android.support:percent:23.4.0] AndroidManifest.xml:20:5-43
MERGED from [com.android.support:cardview-v7:23.4.0] AndroidManifest.xml:20:5-43
MERGED from [com.android.support:preference-v14:23.4.0] AndroidManifest.xml:7:5-44
MERGED from [com.android.support:preference-v7:23.4.0] AndroidManifest.xml:7:5-43
MERGED from [com.android.support:recyclerview-v7:23.4.0] AndroidManifest.xml:20:5-43
MERGED from [me.aflak.libraries:bluetooth:1.2.4] AndroidManifest.xml:7:5-9:41
MERGED from [me.aflak.libraries:pulltorefresh:1.0] AndroidManifest.xml:7:5-9:41
MERGED from [com.android.support:appcompat-v7:23.4.0] AndroidManifest.xml:21:5-23:78
MERGED from [com.android.support:animated-vector-drawable:23.4.0] AndroidManifest.xml:5:5-44
MERGED from [com.android.support:support-vector-drawable:23.4.0] AndroidManifest.xml:5:5-43
MERGED from [com.android.support:support-v4:23.4.0] AndroidManifest.xml:20:5-43
	tools:overrideLibrary
		ADDED from src/main/AndroidManifest.xml:33:9-63
	xmlns:tools
		ADDED from src/main/AndroidManifest.xml:32:15-61
	android:targetSdkVersion
		INJECTED from src/main/AndroidManifest.xml
		INJECTED from src/main/AndroidManifest.xml
	android:minSdkVersion
		INJECTED from src/main/AndroidManifest.xml
		INJECTED from src/main/AndroidManifest.xml
application
ADDED from src/main/AndroidManifest.xml:35:5-80:19
MERGED from [com.android.support:design:23.4.0] AndroidManifest.xml:22:5-20
MERGED from [com.android.support:percent:23.4.0] AndroidManifest.xml:22:5-20
MERGED from [com.android.support:cardview-v7:23.4.0] AndroidManifest.xml:22:5-20
MERGED from [com.android.support:preference-v14:23.4.0] AndroidManifest.xml:9:5-20
MERGED from [com.android.support:preference-v7:23.4.0] AndroidManifest.xml:9:5-20
MERGED from [me.aflak.libraries:bluetooth:1.2.4] AndroidManifest.xml:14:5-18:19
MERGED from [me.aflak.libraries:pulltorefresh:1.0] AndroidManifest.xml:11:5-15:19
MERGED from [com.android.support:appcompat-v7:23.4.0] AndroidManifest.xml:25:5-20
MERGED from [com.android.support:animated-vector-drawable:23.4.0] AndroidManifest.xml:7:5-20
MERGED from [com.android.support:support-vector-drawable:23.4.0] AndroidManifest.xml:7:5-20
MERGED from [com.android.support:support-v4:23.4.0] AndroidManifest.xml:22:5-20
	android:label
		ADDED from src/main/AndroidManifest.xml:39:9-41
	android:supportsRtl
		ADDED from src/main/AndroidManifest.xml:40:9-35
	android:allowBackup
		ADDED from src/main/AndroidManifest.xml:37:9-35
	android:icon
		ADDED from src/main/AndroidManifest.xml:38:9-42
	android:theme
		ADDED from src/main/AndroidManifest.xml:41:9-47
	android:name
		ADDED from src/main/AndroidManifest.xml:36:9-55
activity#sensai.onfire.OnFireActivity
ADDED from src/main/AndroidManifest.xml:42:9-51:20
	android:label
		ADDED from src/main/AndroidManifest.xml:44:13-45
	android:launchMode
		ADDED from src/main/AndroidManifest.xml:46:13-44
	android:exported
		ADDED from src/main/AndroidManifest.xml:45:13-36
	android:name
		ADDED from src/main/AndroidManifest.xml:43:13-56
intent-filter#android.intent.action.MAIN+android.intent.category.LAUNCHER
ADDED from src/main/AndroidManifest.xml:47:13-50:29
action#android.intent.action.MAIN
ADDED from src/main/AndroidManifest.xml:48:17-69
	android:name
		ADDED from src/main/AndroidManifest.xml:48:25-66
category#android.intent.category.LAUNCHER
ADDED from src/main/AndroidManifest.xml:49:17-77
	android:name
		ADDED from src/main/AndroidManifest.xml:49:27-74
activity#sensai.onfire.SettingsActivity
ADDED from src/main/AndroidManifest.xml:52:9-60:20
	android:label
		ADDED from src/main/AndroidManifest.xml:54:13-50
	android:launchMode
		ADDED from src/main/AndroidManifest.xml:55:13-44
	android:configChanges
		ADDED from src/main/AndroidManifest.xml:56:13-59
	android:name
		ADDED from src/main/AndroidManifest.xml:53:13-58
meta-data#android.support.PARENT_ACTIVITY
ADDED from src/main/AndroidManifest.xml:57:13-59:64
	android:value
		ADDED from src/main/AndroidManifest.xml:59:17-61
	android:name
		ADDED from src/main/AndroidManifest.xml:58:17-63
activity#sensai.onfire.BlueToothScan
ADDED from src/main/AndroidManifest.xml:61:9-66:20
	android:label
		ADDED from src/main/AndroidManifest.xml:63:13-45
	android:launchMode
		ADDED from src/main/AndroidManifest.xml:64:13-44
	android:name
		ADDED from src/main/AndroidManifest.xml:62:13-55
activity#sensai.onfire.BlueToothSelect
ADDED from src/main/AndroidManifest.xml:67:9-72:20
	android:label
		ADDED from src/main/AndroidManifest.xml:69:13-45
	android:launchMode
		ADDED from src/main/AndroidManifest.xml:70:13-44
	android:name
		ADDED from src/main/AndroidManifest.xml:68:13-57
service#sensai.onfire.OnFireService
ADDED from src/main/AndroidManifest.xml:73:9-79:19
	android:exported
		ADDED from src/main/AndroidManifest.xml:75:13-36
	android:name
		ADDED from src/main/AndroidManifest.xml:74:13-55
intent-filter#sensai.onfire.OnFireService
ADDED from src/main/AndroidManifest.xml:76:13-78:29
action#sensai.onfire.OnFireService
ADDED from src/main/AndroidManifest.xml:77:17-70
	android:name
		ADDED from src/main/AndroidManifest.xml:77:25-67
uses-permission#android.permission.BLUETOOTH
ADDED from [me.aflak.libraries:bluetooth:1.2.4] AndroidManifest.xml:11:5-68
	android:name
		ADDED from [me.aflak.libraries:bluetooth:1.2.4] AndroidManifest.xml:11:22-65
uses-permission#android.permission.BLUETOOTH_ADMIN
ADDED from [me.aflak.libraries:bluetooth:1.2.4] AndroidManifest.xml:12:5-74
	android:name
		ADDED from [me.aflak.libraries:bluetooth:1.2.4] AndroidManifest.xml:12:22-71